0 info it worked if it ends with ok
1 verbose cli [ 'C:\\Program Files\\nodejs\\node.exe',
1 verbose cli   'C:\\Users\\vjsat\\AppData\\Roaming\\npm\\node_modules\\npm\\bin\\npm-cli.js',
1 verbose cli   'start' ]
2 info using npm@4.1.1
3 info using node@v6.9.2
4 verbose run-script [ 'prestart', 'start', 'poststart' ]
5 info lifecycle clementinejs-fcc@1.0.1~prestart: clementinejs-fcc@1.0.1
6 silly lifecycle clementinejs-fcc@1.0.1~prestart: no script for prestart, continuing
7 info lifecycle clementinejs-fcc@1.0.1~start: clementinejs-fcc@1.0.1
8 verbose lifecycle clementinejs-fcc@1.0.1~start: unsafe-perm in lifecycle true
9 verbose lifecycle clementinejs-fcc@1.0.1~start: PATH: C:\Users\vjsat\AppData\Roaming\npm\node_modules\npm\bin\node-gyp-bin;C:\Users\vjsat\Desktop\FCC\clementinejs-fcc\node_modules\.bin;C:\oraclexe\app\oracle\product\11.2.0\server\bin;C:\WINDOWS\system32;C:\WINDOWS;C:\WINDOWS\System32\Wbem;C:\WINDOWS\System32\WindowsPowerShell\v1.0\;C:\Program Files\Java\jdk1.7.0\bin;C:\Program Files\Java\jre7\bin;C:\Users\vjsat\Desktop\Python;C:\Users\vjsat\AppData\Local\Programs\Python\Python35-32\Scripts;C:\Program Files\nodejs\;C:\Program Files\MongoDB\Server\3.4\bin;C:\Program Files\Git\cmd;C:\Program Files (x86)\Heroku\bin;C:\Program Files (x86)\git\cmd;C:\Program Files (x86)\Git\cmd;C:\Users\vjsat\AppData\Local\Microsoft\WindowsApps;C:\Program Files\nodejs;C:\Users\vjsat\AppData\Roaming\npm;C:\Users\vjsat\AppData\Local\.meteor\
10 verbose lifecycle clementinejs-fcc@1.0.1~start: CWD: C:\Users\vjsat\Desktop\FCC\clementinejs-fcc
11 silly lifecycle clementinejs-fcc@1.0.1~start: Args: [ '/d /s /c', 'webpack-dev-server --hot' ]
12 silly lifecycle clementinejs-fcc@1.0.1~start: Returned: code: 1  signal: null
13 info lifecycle clementinejs-fcc@1.0.1~start: Failed to exec start script
14 verbose stack Error: clementinejs-fcc@1.0.1 start: `webpack-dev-server --hot`
14 verbose stack Exit status 1
14 verbose stack     at EventEmitter.<anonymous> (C:\Users\vjsat\AppData\Roaming\npm\node_modules\npm\lib\utils\lifecycle.js:279:16)
14 verbose stack     at emitTwo (events.js:106:13)
14 verbose stack     at EventEmitter.emit (events.js:191:7)
14 verbose stack     at ChildProcess.<anonymous> (C:\Users\vjsat\AppData\Roaming\npm\node_modules\npm\lib\utils\spawn.js:40:14)
14 verbose stack     at emitTwo (events.js:106:13)
14 verbose stack     at ChildProcess.emit (events.js:191:7)
14 verbose stack     at maybeClose (internal/child_process.js:877:16)
14 verbose stack     at Process.ChildProcess._handle.onexit (internal/child_process.js:226:5)
15 verbose pkgid clementinejs-fcc@1.0.1
16 verbose cwd C:\Users\vjsat\Desktop\FCC\clementinejs-fcc\public
17 error Windows_NT 10.0.14393
18 error argv "C:\\Program Files\\nodejs\\node.exe" "C:\\Users\\vjsat\\AppData\\Roaming\\npm\\node_modules\\npm\\bin\\npm-cli.js" "start"
19 error node v6.9.2
20 error npm  v4.1.1
21 error code ELIFECYCLE
22 error clementinejs-fcc@1.0.1 start: `webpack-dev-server --hot`
22 error Exit status 1
23 error Failed at the clementinejs-fcc@1.0.1 start script 'webpack-dev-server --hot'.
23 error Make sure you have the latest version of node.js and npm installed.
23 error If you do, this is most likely a problem with the clementinejs-fcc package,
23 error not with npm itself.
23 error Tell the author that this fails on your system:
23 error     webpack-dev-server --hot
23 error You can get information on how to open an issue for this project with:
23 error     npm bugs clementinejs-fcc
23 error Or if that isn't available, you can get their info via:
23 error     npm owner ls clementinejs-fcc
23 error There is likely additional logging output above.
24 verbose exit [ 1, true ]
